<?xml version="1.0" encoding="UTF-8"?>
<!-- Generated by org.testng.reporters.JUnitReportReporter -->
<testsuite hostname="LTIN589072" failures="0" tests="6" name="fproject.EMICalculatorTests" time="21.562" errors="0" timestamp="2025-06-19T10:31:16 IST" skipped="0">
  <testcase classname="fproject.EMICalculatorTests" name="testEMICalculation" time="3.751"/>
  <system-out/>
  <testcase classname="fproject.EMICalculatorTests" name="testEMICalculatorTab" time="3.424"/>
  <system-out/>
  <testcase classname="fproject.EMICalculatorTests" name="testLoanAmountCalculatorTab" time="3.585"/>
  <system-out/>
  <testcase classname="fproject.EMICalculatorTests" name="testLoanTenureCalculatorTab" time="3.858"/>
  <system-out/>
  <testcase classname="fproject.EMICalculatorTests" name="testNavigateAndExtractTable" time="6.857"/>
  <system-out/>
  <testcase classname="fproject.EMICalculatorTests" name="testExcelFileContent" time="0.087"/>
  <system-out/>
</testsuite> <!-- fproject.EMICalculatorTests -->
